<?xml version="1.0" encoding="UTF-8"?>
<!-- Generated by org.testng.reporters.JUnitXMLReporter -->
<testsuite ignored="7" hostname="LAPTOP-JCK5A7JI" failures="1" tests="7" name="Regression Tests in chrome browser" time="31.186" errors="0" timestamp="2026-03-17T08:04:14 IST">
  <testcase classname="ui_tests.UserLoginLogOutTest" name="invalidUserLogin" time="4.619"/>
  <testcase classname="ui_tests.UserLoginLogOutTest" name="verifyValidUsersLogin" time="7.774"/>
  <testcase classname="ui_tests.InventoryItemsTest" name="productCountVerificationInventory" time="10.032">
    <failure type="java.lang.AssertionError" message="Items count not matching in Inventory page expected [7] but found [6]">
      <![CDATA[java.lang.AssertionError: Items count not matching in Inventory page expected [7] but found [6]
at ui_tests.InventoryItemsTest.productCountVerificationInventory(InventoryItemsTest.java:20)
at java.base/java.util.concurrent.Executors$RunnableAdapter.call(Executors.java:539)
at java.base/java.util.concurrent.FutureTask.run(FutureTask.java:264)
at java.base/java.util.concurrent.ThreadPoolExecutor.runWorker(ThreadPoolExecutor.java:1136)
at java.base/java.util.concurrent.ThreadPoolExecutor$Worker.run(ThreadPoolExecutor.java:635)
at java.base/java.lang.Thread.run(Thread.java:833)
... Removed 19 stack frames]]>
    </failure>
  </testcase> <!-- productCountVerificationInventory -->
  <testcase classname="ui_tests.UserLoginLogOutTest" name="verifyValidUsersLogin" time="10.449"/>
  <testcase classname="ui_tests.UserLoginLogOutTest" name="verifyValidUsersLogin" time="8.697"/>
  <testcase classname="ui_tests.InventoryItemsTest" name="productNameSortTest" time="10.186"/>
  <testcase classname="ui_tests.CartItemsTest" name="completeOrderE2EFlow" time="16.567"/>
  <testcase classname="ui_tests.CartItemsTest" name="productCountVerification" time="0.0">
    <ignored/>
  </testcase> <!-- productCountVerification -->
  <testcase classname="ui_tests.CartItemsTest" name="removeItemInCartTest" time="0.0">
    <ignored/>
  </testcase> <!-- removeItemInCartTest -->
  <testcase classname="ui_tests.InventoryItemsTest" name="productPriceSortTest" time="0.0">
    <ignored/>
  </testcase> <!-- productPriceSortTest -->
  <testcase classname="ui_tests.UserLoginLogOutTest" name="lockedUserLogin" time="0.0">
    <ignored/>
  </testcase> <!-- lockedUserLogin -->
  <testcase classname="ui_tests.CartItemsTest" name="checkoutWithIncompletedataTest" time="0.0">
    <ignored/>
  </testcase> <!-- checkoutWithIncompletedataTest -->
  <testcase classname="ui_tests.UserLoginLogOutTest" name="loginLogoutFlow" time="0.0">
    <ignored/>
  </testcase> <!-- loginLogoutFlow -->
  <testcase classname="ui_tests.UserLoginLogOutTest" name="invalidUsersLoginTest" time="0.0">
    <ignored/>
  </testcase> <!-- invalidUsersLoginTest -->
</testsuite> <!-- Regression Tests in chrome browser -->
