<?xml version="1.0" encoding="UTF-8"?>
<testsuite xmlns:xsi="http://www.w3.org/2001/XMLSchema-instance" xsi:noNamespaceSchemaLocation="https://maven.apache.org/surefire/maven-surefire-plugin/xsd/surefire-test-report-3.0.xsd" version="3.0" name="TestSuite" time="32.297" tests="7" errors="0" skipped="0" failures="1">
  <properties>
[...]
</properties>
  <testcase name="invalidUserLogin" classname="ui_tests.UserLoginLogOutTest" time="4.623">
    <system-out><![CDATA[Running Test: invalidUserLogin
Running Test: productCountVerificationInventory
Running Test: productNameSortTest
Thread: 21
Thread: 23
Thread: 24
Running Test: completeOrderE2EFlow
Thread: 25
2026-03-17T02:33:43.052029700Z TestNG-test-Regression Tests in chrome browser-2 ERROR Log4j API could not find a logging provider.
Running Test: verifyValidUsersLogin
Running Test: verifyValidUsersLogin
Thread: 33
Thread: 31
Running Test: verifyValidUsersLogin
Thread: 32
]]></system-out>
    <system-err><![CDATA[SLF4J(W): No SLF4J providers were found.
SLF4J(W): Defaulting to no-operation (NOP) logger implementation
SLF4J(W): See https://www.slf4j.org/codes.html#noProviders for further details.
Mar 17, 2026 8:03:53 AM org.openqa.selenium.devtools.CdpVersionFinder findNearestMatch
WARNING: Unable to find an exact match for CDP version 146, returning the closest version; found: 144; Please update to a Selenium version that supports CDP version 146
Mar 17, 2026 8:03:53 AM org.openqa.selenium.devtools.CdpVersionFinder findNearestMatch
WARNING: Unable to find an exact match for CDP version 146, returning the closest version; found: 144; Please update to a Selenium version that supports CDP version 146
Mar 17, 2026 8:03:53 AM org.openqa.selenium.devtools.CdpVersionFinder findNearestMatch
WARNING: Unable to find an exact match for CDP version 146, returning the closest version; found: 144; Please update to a Selenium version that supports CDP version 146
Mar 17, 2026 8:03:57 AM org.openqa.selenium.devtools.CdpVersionFinder findNearestMatch
WARNING: Unable to find an exact match for CDP version 146, returning the closest version; found: 144; Please update to a Selenium version that supports CDP version 146
Mar 17, 2026 8:03:57 AM org.openqa.selenium.devtools.CdpVersionFinder findNearestMatch
WARNING: Unable to find an exact match for CDP version 146, returning the closest version; found: 144; Please update to a Selenium version that supports CDP version 146
Mar 17, 2026 8:03:57 AM org.openqa.selenium.devtools.CdpVersionFinder findNearestMatch
WARNING: Unable to find an exact match for CDP version 146, returning the closest version; found: 144; Please update to a Selenium version that supports CDP version 146
Mar 17, 2026 8:03:59 AM org.openqa.selenium.devtools.CdpVersionFinder findNearestMatch
WARNING: Unable to find an exact match for CDP version 146, returning the closest version; found: 144; Please update to a Selenium version that supports CDP version 146
]]></system-err>
  </testcase>
  <testcase name="verifyValidUsersLogin[{password=secret_sauce, username=standard_user}](1)" classname="ui_tests.UserLoginLogOutTest" time="5.599"/>
  <testcase name="verifyValidUsersLogin[{password=secret_sauce, username=error_user}](2)" classname="ui_tests.UserLoginLogOutTest" time="6.976"/>
  <testcase name="verifyValidUsersLogin[{password=secret_sauce, username=problem_user}](3)" classname="ui_tests.UserLoginLogOutTest" time="7.129"/>
  <testcase name="productCountVerificationInventory" classname="ui_tests.InventoryItemsTest" time="6.839">
    <failure message="Items count not matching in Inventory page expected [7] but found [6]" type="java.lang.AssertionError"><![CDATA[java.lang.AssertionError: Items count not matching in Inventory page expected [7] but found [6]
	at org.testng.Assert.fail(Assert.java:111)
	at org.testng.Assert.failNotEquals(Assert.java:1590)
	at org.testng.Assert.assertEqualsImpl(Assert.java:150)
	at org.testng.Assert.assertEquals(Assert.java:132)
	at org.testng.Assert.assertEquals(Assert.java:1431)
	at org.testng.Assert.assertEquals(Assert.java:1395)
	at ui_tests.InventoryItemsTest.productCountVerificationInventory(InventoryItemsTest.java:20)
	at java.base/jdk.internal.reflect.NativeMethodAccessorImpl.invoke0(Native Method)
	at java.base/jdk.internal.reflect.NativeMethodAccessorImpl.invoke(NativeMethodAccessorImpl.java:77)
	at java.base/jdk.internal.reflect.DelegatingMethodAccessorImpl.invoke(DelegatingMethodAccessorImpl.java:43)
	at java.base/java.lang.reflect.Method.invoke(Method.java:568)
	at org.testng.internal.invokers.MethodInvocationHelper.invokeMethod(MethodInvocationHelper.java:141)
	at org.testng.internal.invokers.TestInvoker.invokeMethod(TestInvoker.java:697)
	at org.testng.internal.invokers.TestInvoker.invokeTestMethod(TestInvoker.java:230)
	at org.testng.internal.invokers.MethodRunner.runInSequence(MethodRunner.java:63)
	at org.testng.internal.invokers.TestInvoker$MethodInvocationAgent.invoke(TestInvoker.java:1005)
	at org.testng.internal.invokers.TestInvoker.invokeTestMethods(TestInvoker.java:203)
	at org.testng.internal.invokers.TestMethodWorker.invokeTestMethods(TestMethodWorker.java:154)
	at org.testng.internal.invokers.TestMethodWorker.run(TestMethodWorker.java:134)
	at java.base/java.util.concurrent.Executors$RunnableAdapter.call(Executors.java:539)
	at java.base/java.util.concurrent.FutureTask.run(FutureTask.java:264)
	at org.testng.internal.thread.graph.TestNGFutureTask.run(TestNGFutureTask.java:22)
	at java.base/java.util.concurrent.ThreadPoolExecutor.runWorker(ThreadPoolExecutor.java:1136)
	at java.base/java.util.concurrent.ThreadPoolExecutor$Worker.run(ThreadPoolExecutor.java:635)
	at java.base/java.lang.Thread.run(Thread.java:833)
]]></failure>
  </testcase>
  <testcase name="productNameSortTest" classname="ui_tests.InventoryItemsTest" time="8.84"/>
  <testcase name="completeOrderE2EFlow" classname="ui_tests.CartItemsTest" time="13.284">
    <system-out><![CDATA[[{category_id=1, description=in depth lang, title=c++}, {category_id=2, description=java prog, title=java}]
]]></system-out>
    <system-err><![CDATA[Mar 17, 2026 8:04:13 AM io.opentelemetry.api.GlobalOpenTelemetry maybeAutoConfigureAndSetGlobal
INFO: AutoConfiguredOpenTelemetrySdk found on classpath but automatic configuration is disabled. To enable, run your JVM with -Dotel.java.global-autoconfigure.enabled=true
]]></system-err>
  </testcase>
</testsuite>