<?xml version="1.0" encoding="UTF-8"?>
<!-- Generated by org.testng.reporters.JUnitReportReporter -->
<testsuite hostname="LAPTOP-JCK5A7JI" failures="0" tests="4" name="ui_tests.UserLoginLogOutTest" time="98.034" errors="0" timestamp="2026-03-17T08:04:14 IST" skipped="0">
  <testcase classname="ui_tests.UserLoginLogOutTest" name="verifyValidUsersLogin" time="26.420"/>
  <testcase classname="ui_tests.UserLoginLogOutTest" name="invalidUserLogin" time="18.592"/>
  <testcase classname="ui_tests.UserLoginLogOutTest" name="verifyValidUsersLogin" time="26.605"/>
  <testcase classname="ui_tests.UserLoginLogOutTest" name="verifyValidUsersLogin" time="26.417"/>
</testsuite> <!-- ui_tests.UserLoginLogOutTest -->
